<?xml version="1.0" encoding="UTF-8"?>
<testsuite xmlns:xsi="http://www.w3.org/2001/XMLSchema-instance" xsi:noNamespaceSchemaLocation="https://maven.apache.org/surefire/maven-surefire-plugin/xsd/surefire-test-report-3.0.xsd" version="3.0" name="MainTest" time="0.024" tests="1" errors="0" skipped="0" failures="0">
  <properties>
[...]
</properties>
  <testcase name="testMainExecution" classname="MainTest" time="0.023">
    <system-out><![CDATA[Rysowanie figury:
Typ figury: Rectangle
Kolor figury: Red: 128, Green: 0, Blue: 0, Alpha: 0,40

Reprezentacja graficzna:
&amp#27;[38;2;128;0;0m* * &amp#27;[0m
&amp#27;[38;2;128;0;0m* * &amp#27;[0m
&amp#27;[38;2;128;0;0m* * &amp#27;[0m
&amp#27;[0m

Rysowanie figury:
Typ figury: Triangle
Kolor figury: Red: 255, Green: 128, Blue: 52, Alpha: 0,00

Reprezentacja graficzna:
  &amp#27;[38;2;255;128;52m* * &amp#27;[0m
 &amp#27;[38;2;255;128;52m* * * &amp#27;[0m
&amp#27;[38;2;255;128;52m* * * * * &amp#27;[0m
&amp#27;[0m

Rysowanie figury:
Typ figury: Rectangle
Kolor figury: Red: 0, Green: 255, Blue: 0, Alpha: 0,70

Reprezentacja graficzna:
&amp#27;[38;2;0;255;0m* * * * * &amp#27;[0m
&amp#27;[38;2;0;255;0m* * * * * &amp#27;[0m
&amp#27;[38;2;0;255;0m* * * * * &amp#27;[0m
&amp#27;[38;2;0;255;0m* * * * * &amp#27;[0m
&amp#27;[38;2;0;255;0m* * * * * &amp#27;[0m
&amp#27;[0m

Rysowanie figury:
Typ figury: Triangle
Kolor figury: Red: 0, Green: 0, Blue: 255, Alpha: 0,90

Reprezentacja graficzna:
   &amp#27;[38;2;0;0;255m* * &amp#27;[0m
  &amp#27;[38;2;0;0;255m* * * * &amp#27;[0m
 &amp#27;[38;2;0;0;255m* * * * * &amp#27;[0m
&amp#27;[38;2;0;0;255m* * * * * * * &amp#27;[0m
&amp#27;[0m

Rysowanie figury:
Typ figury: Rectangle
Kolor figury: Red: 255, Green: 255, Blue: 0, Alpha: 0,50

Reprezentacja graficzna:
&amp#27;[38;2;255;255;0m* * * * * * * &amp#27;[0m
&amp#27;[38;2;255;255;0m* * * * * * * &amp#27;[0m
&amp#27;[38;2;255;255;0m* * * * * * * &amp#27;[0m
&amp#27;[38;2;255;255;0m* * * * * * * &amp#27;[0m
&amp#27;[38;2;255;255;0m* * * * * * * &amp#27;[0m
&amp#27;[38;2;255;255;0m* * * * * * * &amp#27;[0m
&amp#27;[38;2;255;255;0m* * * * * * * &amp#27;[0m
&amp#27;[38;2;255;255;0m* * * * * * * &amp#27;[0m
&amp#27;[0m

Rysowanie figury:
Typ figury: Triangle
Kolor figury: Red: 128, Green: 128, Blue: 128, Alpha: 1,00

Reprezentacja graficzna:
    &amp#27;[38;2;128;128;128m* * &amp#27;[0m
   &amp#27;[38;2;128;128;128m* * * * &amp#27;[0m
  &amp#27;[38;2;128;128;128m* * * * * * &amp#27;[0m
 &amp#27;[38;2;128;128;128m* * * * * * * * &amp#27;[0m
&amp#27;[38;2;128;128;128m* * * * * * * * * * &amp#27;[0m
&amp#27;[0m

]]></system-out>
    <system-err><![CDATA[SLF4J: No SLF4J providers were found.
SLF4J: Defaulting to no-operation (NOP) logger implementation
SLF4J: See https://www.slf4j.org/codes.html#noProviders for further details.
]]></system-err>
  </testcase>
</testsuite>